[INFO  - 2016-12-16T17:32:38.676Z] GhostDriver - Main - running on port 32597
[INFO  - 2016-12-16T17:32:39.199Z] Session [a427afa0-c3b5-11e6-b0c4-bdf5df7b672f] - page.settings - {"XSSAuditingEnabled":false,"javascriptCanCloseWindows":true,"javascriptCanOpenWindows":true,"javascriptEnabled":true,"loadImages":true,"localToRemoteUrlAccessEnabled":false,"userAgent":"Mozilla/5.0 (Windows NT 6.1; WOW64) AppleWebKit/538.1 (KHTML, like Gecko) PhantomJS/2.1.1 Safari/538.1","webSecurityEnabled":true}
[INFO  - 2016-12-16T17:32:39.199Z] Session [a427afa0-c3b5-11e6-b0c4-bdf5df7b672f] - page.customHeaders:  - {}
[INFO  - 2016-12-16T17:32:39.200Z] Session [a427afa0-c3b5-11e6-b0c4-bdf5df7b672f] - Session.negotiatedCapabilities - {"browserName":"phantomjs","version":"2.1.1","driverName":"ghostdriver","driverVersion":"1.2.0","platform":"windows-7-32bit","javascriptEnabled":true,"takesScreenshot":true,"handlesAlerts":false,"databaseEnabled":false,"locationContextEnabled":false,"applicationCacheEnabled":false,"browserConnectionEnabled":false,"cssSelectorsEnabled":true,"webStorageEnabled":false,"rotatable":false,"acceptSslCerts":false,"nativeEvents":true,"proxy":{"proxyType":"direct"}}
[INFO  - 2016-12-16T17:32:39.200Z] SessionManagerReqHand - _postNewSessionCommand - New Session Created: a427afa0-c3b5-11e6-b0c4-bdf5df7b672f
[INFO  - 2016-12-16T17:37:38.679Z] SessionManagerReqHand - _cleanupWindowlessSessions - Asynchronous Sessions clean-up phase starting NOW
[INFO  - 2016-12-16T17:42:38.679Z] SessionManagerReqHand - _cleanupWindowlessSessions - Asynchronous Sessions clean-up phase starting NOW
[INFO  - 2016-12-16T17:47:38.679Z] SessionManagerReqHand - _cleanupWindowlessSessions - Asynchronous Sessions clean-up phase starting NOW
[INFO  - 2016-12-16T17:52:38.686Z] SessionManagerReqHand - _cleanupWindowlessSessions - Asynchronous Sessions clean-up phase starting NOW
[INFO  - 2016-12-16T17:57:38.688Z] SessionManagerReqHand - _cleanupWindowlessSessions - Asynchronous Sessions clean-up phase starting NOW
[INFO  - 2016-12-16T18:02:38.688Z] SessionManagerReqHand - _cleanupWindowlessSessions - Asynchronous Sessions clean-up phase starting NOW
":"windows-7-32bit","javascriptEnabled":true,"takesScreenshot":true,"handlesAlerts":false,"databaseEnabled":false,"locationContextEnabled":false,"applicationCacheEnabled":false,"browserConnectionEnabled":false,"cssSelectorsEnabled":true,"webStorageEnabled":false,"rotatable":false,"acceptSslCerts":false,"nativeEvents":true,"proxy":{"proxyType":"direct"}}
[INFO  - 2016-12-16T17:33:43.274Z] SessionManagerReqHand - _postNewSessionCommand - New Session Created: ca589a40-c3b5-11e6-9dc3-ef0547256191
[INFO  - 2016-12-16T17:38:43.278Z] SessionManagerReqHand - _cleanupWindowlessSessions - Asynchronous Sessions clean-up phase starting NOW
[INFO  - 2016-12-16T17:43:43.284Z] SessionManagerReqHand - _cleanupWindowlessSessions - Asynchronous Sessions clean-up phase starting NOW
[INFO  - 2016-12-16T17:48:43.284Z] SessionManagerReqHand - _cleanupWindowlessSessions - Asynchronous Sessions clean-up phase starting NOW
[INFO  - 2016-12-16T17:53:43.288Z] SessionManagerReqHand - _cleanupWindowlessSessions - Asynchronous Sessions clean-up phase starting NOW
[INFO  - 2016-12-16T17:58:43.295Z] SessionManagerReqHand - _cleanupWindowlessSessions - Asynchronous Sessions clean-up phase starting NOW
Session.negotiatedCapabilities - {"browserName":"phantomjs","version":"2.1.1","driverName":"ghostdriver","driverVersion":"1.2.0","platform":"windows-7-32bit","javascriptEnabled":true,"takesScreenshot":true,"handlesAlerts":false,"databaseEnabled":false,"locationContextEnabled":false,"applicationCacheEnabled":false,"browserConnectionEnabled":false,"cssSelectorsEnabled":true,"webStorageEnabled":false,"rotatable":false,"acceptSslCerts":false,"nativeEvents":true,"proxy":{"proxyType":"direct"}}
[INFO  - 2016-12-16T17:34:09.714Z] SessionManagerReqHand - _postNewSessionCommand - New Session Created: da1b06c0-c3b5-11e6-b81d-abf64959ece9
[INFO  - 2016-12-16T17:39:09.718Z] SessionManagerReqHand - _cleanupWindowlessSessions - Asynchronous Sessions clean-up phase starting NOW
[INFO  - 2016-12-16T17:44:09.723Z] SessionManagerReqHand - _cleanupWindowlessSessions - Asynchronous Sessions clean-up phase starting NOW
[INFO  - 2016-12-16T17:49:09.723Z] SessionManagerReqHand - _cleanupWindowlessSessions - Asynchronous Sessions clean-up phase starting NOW
[INFO  - 2016-12-16T17:54:09.731Z] SessionManagerReqHand - _cleanupWindowlessSessions - Asynchronous Sessions clean-up phase starting NOW
[INFO  - 2016-12-16T17:59:09.731Z] SessionManagerReqHand - _cleanupWindowlessSessions - Asynchronous Sessions clean-up phase starting NOW
Session.negotiatedCapabilities - {"browserName":"phantomjs","version":"2.1.1","driverName":"ghostdriver","driverVersion":"1.2.0","platform":"windows-7-32bit","javascriptEnabled":true,"takesScreenshot":true,"handlesAlerts":false,"databaseEnabled":false,"locationContextEnabled":false,"applicationCacheEnabled":false,"browserConnectionEnabled":false,"cssSelectorsEnabled":true,"webStorageEnabled":false,"rotatable":false,"acceptSslCerts":false,"nativeEvents":true,"proxy":{"proxyType":"direct"}}
[INFO  - 2016-12-16T17:35:46.503Z] SessionManagerReqHand - _postNewSessionCommand - New Session Created: 13cbdb10-c3b6-11e6-bb82-2dbdd3370f17
[ERROR - 2016-12-16T17:35:54.790Z] WebElementLocator - _handleLocateCommand - Element(s) NOT Found: GAVE UP. Search Stop Time: 1481909754741
[INFO  - 2016-12-16T17:40:46.206Z] SessionManagerReqHand - _cleanupWindowlessSessions - Asynchronous Sessions clean-up phase starting NOW
[INFO  - 2016-12-16T17:45:46.206Z] SessionManagerReqHand - _cleanupWindowlessSessions - Asynchronous Sessions clean-up phase starting NOW
[INFO  - 2016-12-16T17:50:46.206Z] SessionManagerReqHand - _cleanupWindowlessSessions - Asynchronous Sessions clean-up phase starting NOW
[INFO  - 2016-12-16T17:55:46.206Z] SessionManagerReqHand - _cleanupWindowlessSessions - Asynchronous Sessions clean-up phase starting NOW
[INFO  - 2016-12-16T18:00:46.206Z] SessionManagerReqHand - _cleanupWindowlessSessions - Asynchronous Sessions clean-up phase starting NOW
Session.negotiatedCapabilities - {"browserName":"phantomjs","version":"2.1.1","driverName":"ghostdriver","driverVersion":"1.2.0","platform":"windows-7-32bit","javascriptEnabled":true,"takesScreenshot":true,"handlesAlerts":false,"databaseEnabled":false,"locationContextEnabled":false,"applicationCacheEnabled":false,"browserConnectionEnabled":false,"cssSelectorsEnabled":true,"webStorageEnabled":false,"rotatable":false,"acceptSslCerts":false,"nativeEvents":true,"proxy":{"proxyType":"direct"}}
[INFO  - 2016-12-16T17:36:51.628Z] SessionManagerReqHand - _postNewSessionCommand - New Session Created: 3a9d4b70-c3b6-11e6-ae06-d1d976210049
[ERROR - 2016-12-16T17:36:58.198Z] WebElementLocator - _handleLocateCommand - Element(s) NOT Found: GAVE UP. Search Stop Time: 1481909818139
[INFO  - 2016-12-16T17:41:51.344Z] SessionManagerReqHand - _cleanupWindowlessSessions - Asynchronous Sessions clean-up phase starting NOW
[INFO  - 2016-12-16T17:46:51.344Z] SessionManagerReqHand - _cleanupWindowlessSessions - Asynchronous Sessions clean-up phase starting NOW
[INFO  - 2016-12-16T17:51:51.344Z] SessionManagerReqHand - _cleanupWindowlessSessions - Asynchronous Sessions clean-up phase starting NOW
[INFO  - 2016-12-16T17:56:51.344Z] SessionManagerReqHand - _cleanupWindowlessSessions - Asynchronous Sessions clean-up phase starting NOW
[INFO  - 2016-12-16T18:01:51.344Z] SessionManagerReqHand - _cleanupWindowlessSessions - Asynchronous Sessions clean-up phase starting NOW
Session.negotiatedCapabilities - {"browserName":"phantomjs","version":"2.1.1","driverName":"ghostdriver","driverVersion":"1.2.0","platform":"windows-7-32bit","javascriptEnabled":true,"takesScreenshot":true,"handlesAlerts":false,"databaseEnabled":false,"locationContextEnabled":false,"applicationCacheEnabled":false,"browserConnectionEnabled":false,"cssSelectorsEnabled":true,"webStorageEnabled":false,"rotatable":false,"acceptSslCerts":false,"nativeEvents":true,"proxy":{"proxyType":"direct"}}
[INFO  - 2016-12-16T17:37:26.480Z] SessionManagerReqHand - _postNewSessionCommand - New Session Created: 4f6322a0-c3b6-11e6-a577-a9a8a28d7794
[ERROR - 2016-12-16T17:37:32.429Z] WebElementLocator - _handleLocateCommand - Element(s) NOT Found: GAVE UP. Search Stop Time: 1481909852377
[INFO  - 2016-12-16T17:42:26.231Z] SessionManagerReqHand - _cleanupWindowlessSessions - Asynchronous Sessions clean-up phase starting NOW
[INFO  - 2016-12-16T17:47:26.239Z] SessionManagerReqHand - _cleanupWindowlessSessions - Asynchronous Sessions clean-up phase starting NOW
[INFO  - 2016-12-16T17:52:26.246Z] SessionManagerReqHand - _cleanupWindowlessSessions - Asynchronous Sessions clean-up phase starting NOW
[INFO  - 2016-12-16T17:57:26.252Z] SessionManagerReqHand - _cleanupWindowlessSessions - Asynchronous Sessions clean-up phase starting NOW
[INFO  - 2016-12-16T18:02:26.264Z] SessionManagerReqHand - _cleanupWindowlessSessions - Asynchronous Sessions clean-up phase starting NOW
Session.negotiatedCapabilities - {"browserName":"phantomjs","version":"2.1.1","driverName":"ghostdriver","driverVersion":"1.2.0","platform":"windows-7-32bit","javascriptEnabled":true,"takesScreenshot":true,"handlesAlerts":false,"databaseEnabled":false,"locationContextEnabled":false,"applicationCacheEnabled":false,"browserConnectionEnabled":false,"cssSelectorsEnabled":true,"webStorageEnabled":false,"rotatable":false,"acceptSslCerts":false,"nativeEvents":true,"proxy":{"proxyType":"direct"}}
[INFO  - 2016-12-16T17:38:20.373Z] SessionManagerReqHand - _postNewSessionCommand - New Session Created: 6f828df0-c3b6-11e6-921a-b57c7f241b17
[ERROR - 2016-12-16T17:38:26.884Z] WebElementLocator - _handleLocateCommand - Element(s) NOT Found: GAVE UP. Search Stop Time: 1481909906827
[INFO  - 2016-12-16T17:43:20.114Z] SessionManagerReqHand - _cleanupWindowlessSessions - Asynchronous Sessions clean-up phase starting NOW
[INFO  - 2016-12-16T17:48:20.114Z] SessionManagerReqHand - _cleanupWindowlessSessions - Asynchronous Sessions clean-up phase starting NOW
[INFO  - 2016-12-16T17:53:20.114Z] SessionManagerReqHand - _cleanupWindowlessSessions - Asynchronous Sessions clean-up phase starting NOW
[INFO  - 2016-12-16T17:58:20.115Z] SessionManagerReqHand - _cleanupWindowlessSessions - Asynchronous Sessions clean-up phase starting NOW
[INFO  - 2016-12-16T18:03:20.115Z] SessionManagerReqHand - _cleanupWindowlessSessions - Asynchronous Sessions clean-up phase starting NOW
Session.negotiatedCapabilities - {"browserName":"phantomjs","version":"2.1.1","driverName":"ghostdriver","driverVersion":"1.2.0","platform":"windows-7-32bit","javascriptEnabled":true,"takesScreenshot":true,"handlesAlerts":false,"databaseEnabled":false,"locationContextEnabled":false,"applicationCacheEnabled":false,"browserConnectionEnabled":false,"cssSelectorsEnabled":true,"webStorageEnabled":false,"rotatable":false,"acceptSslCerts":false,"nativeEvents":true,"proxy":{"proxyType":"direct"}}
[INFO  - 2016-12-16T17:40:29.715Z] SessionManagerReqHand - _postNewSessionCommand - New Session Created: bc9a93d0-c3b6-11e6-ad2f-f36acd710113
[INFO  - 2016-12-16T17:45:29.559Z] SessionManagerReqHand - _cleanupWindowlessSessions - Asynchronous Sessions clean-up phase starting NOW
[INFO  - 2016-12-16T17:50:29.621Z] SessionManagerReqHand - _cleanupWindowlessSessions - Asynchronous Sessions clean-up phase starting NOW
[INFO  - 2016-12-16T17:55:29.631Z] SessionManagerReqHand - _cleanupWindowlessSessions - Asynchronous Sessions clean-up phase starting NOW
[INFO  - 2016-12-16T18:00:29.631Z] SessionManagerReqHand - _cleanupWindowlessSessions - Asynchronous Sessions clean-up phase starting NOW
6-11e6-b28c-5943709cd6aa] - page.customHeaders:  - {}
[INFO  - 2016-12-16T17:42:05.257Z] Session [f58d4840-c3b6-11e6-b28c-5943709cd6aa] - Session.negotiatedCapabilities - {"browserName":"phantomjs","version":"2.1.1","driverName":"ghostdriver","driverVersion":"1.2.0","platform":"windows-7-32bit","javascriptEnabled":true,"takesScreenshot":true,"handlesAlerts":false,"databaseEnabled":false,"locationContextEnabled":false,"applicationCacheEnabled":false,"browserConnectionEnabled":false,"cssSelectorsEnabled":true,"webStorageEnabled":false,"rotatable":false,"acceptSslCerts":false,"nativeEvents":true,"proxy":{"proxyType":"direct"}}
[INFO  - 2016-12-16T17:42:05.257Z] SessionManagerReqHand - _postNewSessionCommand - New Session Created: f58d4840-c3b6-11e6-b28c-5943709cd6aa
[ERROR - 2016-12-16T17:42:38.102Z] WebElementLocator - _handleLocateCommand - Element(s) NOT Found: GAVE UP. Search Stop Time: 1481910158049
[INFO  - 2016-12-16T17:47:04.962Z] SessionManagerReqHand - _cleanupWindowlessSessions - Asynchronous Sessions clean-up phase starting NOW
[INFO  - 2016-12-16T17:52:04.985Z] SessionManagerReqHand - _cleanupWindowlessSessions - Asynchronous Sessions clean-up phase starting NOW
[INFO  - 2016-12-16T17:57:04.973Z] SessionManagerReqHand - _cleanupWindowlessSessions - Asynchronous Sessions clean-up phase starting NOW
[INFO  - 2016-12-16T18:02:04.982Z] SessionManagerReqHand - _cleanupWindowlessSessions - Asynchronous Sessions clean-up phase starting NOW
7-11e6-8e47-491ef20ed30a] - page.customHeaders:  - {}
[INFO  - 2016-12-16T17:45:25.086Z] Session [6ca89d80-c3b7-11e6-8e47-491ef20ed30a] - Session.negotiatedCapabilities - {"browserName":"phantomjs","version":"2.1.1","driverName":"ghostdriver","driverVersion":"1.2.0","platform":"windows-7-32bit","javascriptEnabled":true,"takesScreenshot":true,"handlesAlerts":false,"databaseEnabled":false,"locationContextEnabled":false,"applicationCacheEnabled":false,"browserConnectionEnabled":false,"cssSelectorsEnabled":true,"webStorageEnabled":false,"rotatable":false,"acceptSslCerts":false,"nativeEvents":true,"proxy":{"proxyType":"direct"}}
[INFO  - 2016-12-16T17:45:25.086Z] SessionManagerReqHand - _postNewSessionCommand - New Session Created: 6ca89d80-c3b7-11e6-8e47-491ef20ed30a
[ERROR - 2016-12-16T17:45:30.841Z] WebElementLocator - _handleLocateCommand - Element(s) NOT Found: GAVE UP. Search Stop Time: 1481910330784
[INFO  - 2016-12-16T17:50:24.889Z] SessionManagerReqHand - _cleanupWindowlessSessions - Asynchronous Sessions clean-up phase starting NOW
[INFO  - 2016-12-16T17:55:24.887Z] SessionManagerReqHand - _cleanupWindowlessSessions - Asynchronous Sessions clean-up phase starting NOW
[INFO  - 2016-12-16T18:00:24.896Z] SessionManagerReqHand - _cleanupWindowlessSessions - Asynchronous Sessions clean-up phase starting NOW
38.1 (KHTML, like Gecko) PhantomJS/2.1.1 Safari/538.1","webSecurityEnabled":true}
[INFO  - 2016-12-16T17:48:17.419Z] Session [d3608b50-c3b7-11e6-a597-6926ce2f1de5] - page.customHeaders:  - {}
[INFO  - 2016-12-16T17:48:17.419Z] Session [d3608b50-c3b7-11e6-a597-6926ce2f1de5] - Session.negotiatedCapabilities - {"browserName":"phantomjs","version":"2.1.1","driverName":"ghostdriver","driverVersion":"1.2.0","platform":"windows-7-32bit","javascriptEnabled":true,"takesScreenshot":true,"handlesAlerts":false,"databaseEnabled":false,"locationContextEnabled":false,"applicationCacheEnabled":false,"browserConnectionEnabled":false,"cssSelectorsEnabled":true,"webStorageEnabled":false,"rotatable":false,"acceptSslCerts":false,"nativeEvents":true,"proxy":{"proxyType":"direct"}}
[INFO  - 2016-12-16T17:48:17.419Z] SessionManagerReqHand - _postNewSessionCommand - New Session Created: d3608b50-c3b7-11e6-a597-6926ce2f1de5
[ERROR - 2016-12-16T17:49:29.499Z] WebElementLocator - _handleLocateCommand - Element(s) NOT Found: GAVE UP. Search Stop Time: 1481910569442
[INFO  - 2016-12-16T17:53:17.588Z] SessionManagerReqHand - _cleanupWindowlessSessions - Asynchronous Sessions clean-up phase starting NOW
[INFO  - 2016-12-16T17:58:17.602Z] SessionManagerReqHand - _cleanupWindowlessSessions - Asynchronous Sessions clean-up phase starting NOW
criptEnabled":true,"loadImages":true,"localToRemoteUrlAccessEnabled":false,"userAgent":"Mozilla/5.0 (Windows NT 6.1; WOW64) AppleWebKit/538.1 (KHTML, like Gecko) PhantomJS/2.1.1 Safari/538.1","webSecurityEnabled":true}
[INFO  - 2016-12-16T17:50:49.147Z] Session [2dd06650-c3b8-11e6-8aa7-e1cb80a43d77] - page.customHeaders:  - {}
[INFO  - 2016-12-16T17:50:49.149Z] Session [2dd06650-c3b8-11e6-8aa7-e1cb80a43d77] - Session.negotiatedCapabilities - {"browserName":"phantomjs","version":"2.1.1","driverName":"ghostdriver","driverVersion":"1.2.0","platform":"windows-7-32bit","javascriptEnabled":true,"takesScreenshot":true,"handlesAlerts":false,"databaseEnabled":false,"locationContextEnabled":false,"applicationCacheEnabled":false,"browserConnectionEnabled":false,"cssSelectorsEnabled":true,"webStorageEnabled":false,"rotatable":false,"acceptSslCerts":false,"nativeEvents":true,"proxy":{"proxyType":"direct"}}
[INFO  - 2016-12-16T17:50:49.149Z] SessionManagerReqHand - _postNewSessionCommand - New Session Created: 2dd06650-c3b8-11e6-8aa7-e1cb80a43d77
[ERROR - 2016-12-16T17:51:25.057Z] WebElementLocator - _handleLocateCommand - Element(s) NOT Found: GAVE UP. Search Stop Time: 1481910685028
[INFO  - 2016-12-16T17:55:48.862Z] SessionManagerReqHand - _cleanupWindowlessSessions - Asynchronous Sessions clean-up phase starting NOW
[INFO  - 2016-12-16T18:00:48.868Z] SessionManagerReqHand - _cleanupWindowlessSessions - Asynchronous Sessions clean-up phase starting NOW
scriptEnabled":true,"loadImages":true,"localToRemoteUrlAccessEnabled":false,"userAgent":"Mozilla/5.0 (Windows NT 6.1; WOW64) AppleWebKit/538.1 (KHTML, like Gecko) PhantomJS/2.1.1 Safari/538.1","webSecurityEnabled":true}
[INFO  - 2016-12-16T17:52:35.727Z] Session [6d573790-c3b8-11e6-923d-5f289c3993d7] - page.customHeaders:  - {}
[INFO  - 2016-12-16T17:52:35.727Z] Session [6d573790-c3b8-11e6-923d-5f289c3993d7] - Session.negotiatedCapabilities - {"browserName":"phantomjs","version":"2.1.1","driverName":"ghostdriver","driverVersion":"1.2.0","platform":"windows-7-32bit","javascriptEnabled":true,"takesScreenshot":true,"handlesAlerts":false,"databaseEnabled":false,"locationContextEnabled":false,"applicationCacheEnabled":false,"browserConnectionEnabled":false,"cssSelectorsEnabled":true,"webStorageEnabled":false,"rotatable":false,"acceptSslCerts":false,"nativeEvents":true,"proxy":{"proxyType":"direct"}}
[INFO  - 2016-12-16T17:52:35.727Z] SessionManagerReqHand - _postNewSessionCommand - New Session Created: 6d573790-c3b8-11e6-923d-5f289c3993d7
[ERROR - 2016-12-16T17:52:42.127Z] WebElementLocator - _handleLocateCommand - Element(s) NOT Found: GAVE UP. Search Stop Time: 1481910762125
[INFO  - 2016-12-16T17:57:35.527Z] SessionManagerReqHand - _cleanupWindowlessSessions - Asynchronous Sessions clean-up phase starting NOW
[INFO  - 2016-12-16T18:02:35.541Z] SessionManagerReqHand - _cleanupWindowlessSessions - Asynchronous Sessions clean-up phase starting NOW
scriptEnabled":true,"loadImages":true,"localToRemoteUrlAccessEnabled":false,"userAgent":"Mozilla/5.0 (Windows NT 6.1; WOW64) AppleWebKit/538.1 (KHTML, like Gecko) PhantomJS/2.1.1 Safari/538.1","webSecurityEnabled":true}
[INFO  - 2016-12-16T17:53:06.061Z] Session [7f6bd170-c3b8-11e6-9a3e-c32eea856d54] - page.customHeaders:  - {}
[INFO  - 2016-12-16T17:53:06.061Z] Session [7f6bd170-c3b8-11e6-9a3e-c32eea856d54] - Session.negotiatedCapabilities - {"browserName":"phantomjs","version":"2.1.1","driverName":"ghostdriver","driverVersion":"1.2.0","platform":"windows-7-32bit","javascriptEnabled":true,"takesScreenshot":true,"handlesAlerts":false,"databaseEnabled":false,"locationContextEnabled":false,"applicationCacheEnabled":false,"browserConnectionEnabled":false,"cssSelectorsEnabled":true,"webStorageEnabled":false,"rotatable":false,"acceptSslCerts":false,"nativeEvents":true,"proxy":{"proxyType":"direct"}}
[INFO  - 2016-12-16T17:53:06.061Z] SessionManagerReqHand - _postNewSessionCommand - New Session Created: 7f6bd170-c3b8-11e6-9a3e-c32eea856d54
[ERROR - 2016-12-16T17:53:12.206Z] WebElementLocator - _handleLocateCommand - Element(s) NOT Found: GAVE UP. Search Stop Time: 1481910792155
[INFO  - 2016-12-16T17:58:06.164Z] SessionManagerReqHand - _cleanupWindowlessSessions - Asynchronous Sessions clean-up phase starting NOW
[INFO  - 2016-12-16T18:03:06.226Z] SessionManagerReqHand - _cleanupWindowlessSessions - Asynchronous Sessions clean-up phase starting NOW
criptEnabled":true,"loadImages":true,"localToRemoteUrlAccessEnabled":false,"userAgent":"Mozilla/5.0 (Windows NT 6.1; WOW64) AppleWebKit/538.1 (KHTML, like Gecko) PhantomJS/2.1.1 Safari/538.1","webSecurityEnabled":true}
[INFO  - 2016-12-16T17:53:59.395Z] Session [9f3617e0-c3b8-11e6-b06e-b5998f19afd7] - page.customHeaders:  - {}
[INFO  - 2016-12-16T17:53:59.396Z] Session [9f3617e0-c3b8-11e6-b06e-b5998f19afd7] - Session.negotiatedCapabilities - {"browserName":"phantomjs","version":"2.1.1","driverName":"ghostdriver","driverVersion":"1.2.0","platform":"windows-7-32bit","javascriptEnabled":true,"takesScreenshot":true,"handlesAlerts":false,"databaseEnabled":false,"locationContextEnabled":false,"applicationCacheEnabled":false,"browserConnectionEnabled":false,"cssSelectorsEnabled":true,"webStorageEnabled":false,"rotatable":false,"acceptSslCerts":false,"nativeEvents":true,"proxy":{"proxyType":"direct"}}
[INFO  - 2016-12-16T17:53:59.396Z] SessionManagerReqHand - _postNewSessionCommand - New Session Created: 9f3617e0-c3b8-11e6-b06e-b5998f19afd7
[ERROR - 2016-12-16T17:54:05.309Z] WebElementLocator - _handleLocateCommand - Element(s) NOT Found: GAVE UP. Search Stop Time: 1481910845256
[INFO  - 2016-12-16T17:58:59.402Z] SessionManagerReqHand - _cleanupWindowlessSessions - Asynchronous Sessions clean-up phase starting NOW
e6-8da0-0da6dcf940b0] - page.settings - {"XSSAuditingEnabled":false,"javascriptCanCloseWindows":true,"javascriptCanOpenWindows":true,"javascriptEnabled":true,"loadImages":true,"localToRemoteUrlAccessEnabled":false,"userAgent":"Mozilla/5.0 (Windows NT 6.1; WOW64) AppleWebKit/538.1 (KHTML, like Gecko) PhantomJS/2.1.1 Safari/538.1","webSecurityEnabled":true}
[INFO  - 2016-12-16T17:54:13.436Z] Session [a7946d60-c3b8-11e6-8da0-0da6dcf940b0] - page.customHeaders:  - {}
[INFO  - 2016-12-16T17:54:13.436Z] Session [a7946d60-c3b8-11e6-8da0-0da6dcf940b0] - Session.negotiatedCapabilities - {"browserName":"phantomjs","version":"2.1.1","driverName":"ghostdriver","driverVersion":"1.2.0","platform":"windows-7-32bit","javascriptEnabled":true,"takesScreenshot":true,"handlesAlerts":false,"databaseEnabled":false,"locationContextEnabled":false,"applicationCacheEnabled":false,"browserConnectionEnabled":false,"cssSelectorsEnabled":true,"webStorageEnabled":false,"rotatable":false,"acceptSslCerts":false,"nativeEvents":true,"proxy":{"proxyType":"direct"}}
[INFO  - 2016-12-16T17:54:13.436Z] SessionManagerReqHand - _postNewSessionCommand - New Session Created: a7946d60-c3b8-11e6-8da0-0da6dcf940b0
[ERROR - 2016-12-16T17:54:29.014Z] WebElementLocator - _handleLocateCommand - Element(s) NOT Found: GAVE UP. Search Stop Time: 1481910868954
[INFO  - 2016-12-16T17:59:13.364Z] SessionManagerReqHand - _cleanupWindowlessSessions - Asynchronous Sessions clean-up phase starting NOW
e6-98ef-c7d16b3cb7ed] - page.settings - {"XSSAuditingEnabled":false,"javascriptCanCloseWindows":true,"javascriptCanOpenWindows":true,"javascriptEnabled":true,"loadImages":true,"localToRemoteUrlAccessEnabled":false,"userAgent":"Mozilla/5.0 (Windows NT 6.1; WOW64) AppleWebKit/538.1 (KHTML, like Gecko) PhantomJS/2.1.1 Safari/538.1","webSecurityEnabled":true}
[INFO  - 2016-12-16T17:54:51.032Z] Session [bdfd1f20-c3b8-11e6-98ef-c7d16b3cb7ed] - page.customHeaders:  - {}
[INFO  - 2016-12-16T17:54:51.032Z] Session [bdfd1f20-c3b8-11e6-98ef-c7d16b3cb7ed] - Session.negotiatedCapabilities - {"browserName":"phantomjs","version":"2.1.1","driverName":"ghostdriver","driverVersion":"1.2.0","platform":"windows-7-32bit","javascriptEnabled":true,"takesScreenshot":true,"handlesAlerts":false,"databaseEnabled":false,"locationContextEnabled":false,"applicationCacheEnabled":false,"browserConnectionEnabled":false,"cssSelectorsEnabled":true,"webStorageEnabled":false,"rotatable":false,"acceptSslCerts":false,"nativeEvents":true,"proxy":{"proxyType":"direct"}}
[INFO  - 2016-12-16T17:54:51.032Z] SessionManagerReqHand - _postNewSessionCommand - New Session Created: bdfd1f20-c3b8-11e6-98ef-c7d16b3cb7ed
[INFO  - 2016-12-16T17:59:51.180Z] SessionManagerReqHand - _cleanupWindowlessSessions - Asynchronous Sessions clean-up phase starting NOW
6-ab86-179e17ed2583] - page.settings - {"XSSAuditingEnabled":false,"javascriptCanCloseWindows":true,"javascriptCanOpenWindows":true,"javascriptEnabled":true,"loadImages":true,"localToRemoteUrlAccessEnabled":false,"userAgent":"Mozilla/5.0 (Windows NT 6.1; WOW64) AppleWebKit/538.1 (KHTML, like Gecko) PhantomJS/2.1.1 Safari/538.1","webSecurityEnabled":true}
[INFO  - 2016-12-16T17:56:29.887Z] Session [f8e93290-c3b8-11e6-ab86-179e17ed2583] - page.customHeaders:  - {}
[INFO  - 2016-12-16T17:56:29.887Z] Session [f8e93290-c3b8-11e6-ab86-179e17ed2583] - Session.negotiatedCapabilities - {"browserName":"phantomjs","version":"2.1.1","driverName":"ghostdriver","driverVersion":"1.2.0","platform":"windows-7-32bit","javascriptEnabled":true,"takesScreenshot":true,"handlesAlerts":false,"databaseEnabled":false,"locationContextEnabled":false,"applicationCacheEnabled":false,"browserConnectionEnabled":false,"cssSelectorsEnabled":true,"webStorageEnabled":false,"rotatable":false,"acceptSslCerts":false,"nativeEvents":true,"proxy":{"proxyType":"direct"}}
[INFO  - 2016-12-16T17:56:29.887Z] SessionManagerReqHand - _postNewSessionCommand - New Session Created: f8e93290-c3b8-11e6-ab86-179e17ed2583
[ERROR - 2016-12-16T17:56:35.942Z] WebElementLocator - _handleLocateCommand - Element(s) NOT Found: GAVE UP. Search Stop Time: 1481910995890
[INFO  - 2016-12-16T18:01:29.686Z] SessionManagerReqHand - _cleanupWindowlessSessions - Asynchronous Sessions clean-up phase starting NOW
e6-8f9e-abfd44ec6b6b] - page.settings - {"XSSAuditingEnabled":false,"javascriptCanCloseWindows":true,"javascriptCanOpenWindows":true,"javascriptEnabled":true,"loadImages":true,"localToRemoteUrlAccessEnabled":false,"userAgent":"Mozilla/5.0 (Windows NT 6.1; WOW64) AppleWebKit/538.1 (KHTML, like Gecko) PhantomJS/2.1.1 Safari/538.1","webSecurityEnabled":true}
[INFO  - 2016-12-16T17:59:12.284Z] Session [59b50360-c3b9-11e6-8f9e-abfd44ec6b6b] - page.customHeaders:  - {}
[INFO  - 2016-12-16T17:59:12.284Z] Session [59b50360-c3b9-11e6-8f9e-abfd44ec6b6b] - Session.negotiatedCapabilities - {"browserName":"phantomjs","version":"2.1.1","driverName":"ghostdriver","driverVersion":"1.2.0","platform":"windows-7-32bit","javascriptEnabled":true,"takesScreenshot":true,"handlesAlerts":false,"databaseEnabled":false,"locationContextEnabled":false,"applicationCacheEnabled":false,"browserConnectionEnabled":false,"cssSelectorsEnabled":true,"webStorageEnabled":false,"rotatable":false,"acceptSslCerts":false,"nativeEvents":true,"proxy":{"proxyType":"direct"},"phantomjs.page.settings.useragent":"Mozilla/5.0 (Windows NT 6.1; Win64; x64) AppleWebKit/537.36 (KHTML, like Gecko) Chrome/55.0.2883.87 Safari/537.36"}
[INFO  - 2016-12-16T17:59:12.284Z] SessionManagerReqHand - _postNewSessionCommand - New Session Created: 59b50360-c3b9-11e6-8f9e-abfd44ec6b6b
[ERROR - 2016-12-16T17:59:18.346Z] WebElementLocator - _handleLocateCommand - Element(s) NOT Found: GAVE UP. Search Stop Time: 1481911158343
[INFO  - 2016-12-16T18:00:11.097Z] GhostDriver - Main - running on port 45534
[INFO  - 2016-12-16T18:00:11.368Z] Session [7cec8420-c3b9-11e6-9498-5fe53857001a] - page.settings - {"XSSAuditingEnabled":false,"javascriptCanCloseWindows":true,"javascriptCanOpenWindows":true,"javascriptEnabled":true,"loadImages":true,"localToRemoteUrlAccessEnabled":false,"userAgent":"Mozilla/5.0 (Windows NT 6.1; WOW64) AppleWebKit/538.1 (KHTML, like Gecko) PhantomJS/2.1.1 Safari/538.1","webSecurityEnabled":true}
[INFO  - 2016-12-16T18:00:11.368Z] Session [7cec8420-c3b9-11e6-9498-5fe53857001a] - page.customHeaders:  - {}
[INFO  - 2016-12-16T18:00:11.368Z] Session [7cec8420-c3b9-11e6-9498-5fe53857001a] - Session.negotiatedCapabilities - {"browserName":"phantomjs","version":"2.1.1","driverName":"ghostdriver","driverVersion":"1.2.0","platform":"windows-7-32bit","javascriptEnabled":true,"takesScreenshot":true,"handlesAlerts":false,"databaseEnabled":false,"locationContextEnabled":false,"applicationCacheEnabled":false,"browserConnectionEnabled":false,"cssSelectorsEnabled":true,"webStorageEnabled":false,"rotatable":false,"acceptSslCerts":false,"nativeEvents":true,"proxy":{"proxyType":"direct"},"phantomjs.page.settings.useragent":"Mozilla/5.0 (Windows NT 6.1; Win64; x64) AppleWebKit/537.36 (KHTML, like Gecko) Chrome/55.0.2883.87 Safari/537.36"}
[INFO  - 2016-12-16T18:00:11.368Z] SessionManagerReqHand - _postNewSessionCommand - New Session Created: 7cec8420-c3b9-11e6-9498-5fe53857001a
[ERROR - 2016-12-16T18:00:17.434Z] WebElementLocator - _handleLocateCommand - Element(s) NOT Found: GAVE UP. Search Stop Time: 1481911217372
[INFO  - 2016-12-16T18:00:54.026Z] GhostDriver - Main - running on port 26911
[INFO  - 2016-12-16T18:00:54.326Z] Session [96878a10-c3b9-11e6-8fbe-67eff347d81e] - page.settings - {"XSSAuditingEnabled":false,"javascriptCanCloseWindows":true,"javascriptCanOpenWindows":true,"javascriptEnabled":true,"loadImages":true,"localToRemoteUrlAccessEnabled":false,"userAgent":"Mozilla/5.0 (Windows NT 6.1; Win64; x64) AppleWebKit/537.36 (KHTML, like Gecko) Chrome/55.0.2883.87 Safari/537.36","webSecurityEnabled":true}
[INFO  - 2016-12-16T18:00:54.326Z] Session [96878a10-c3b9-11e6-8fbe-67eff347d81e] - page.customHeaders:  - {}
[INFO  - 2016-12-16T18:00:54.327Z] Session [96878a10-c3b9-11e6-8fbe-67eff347d81e] - Session.negotiatedCapabilities - {"browserName":"phantomjs","version":"2.1.1","driverName":"ghostdriver","driverVersion":"1.2.0","platform":"windows-7-32bit","javascriptEnabled":true,"takesScreenshot":true,"handlesAlerts":false,"databaseEnabled":false,"locationContextEnabled":false,"applicationCacheEnabled":false,"browserConnectionEnabled":false,"cssSelectorsEnabled":true,"webStorageEnabled":false,"rotatable":false,"acceptSslCerts":false,"nativeEvents":true,"proxy":{"proxyType":"direct"},"phantomjs.page.settings.userAgent":"Mozilla/5.0 (Windows NT 6.1; Win64; x64) AppleWebKit/537.36 (KHTML, like Gecko) Chrome/55.0.2883.87 Safari/537.36"}
[INFO  - 2016-12-16T18:00:54.327Z] SessionManagerReqHand - _postNewSessionCommand - New Session Created: 96878a10-c3b9-11e6-8fbe-67eff347d81e
[INFO  - 2016-12-16T18:01:24.780Z] GhostDriver - Main - running on port 10618
[INFO  - 2016-12-16T18:01:25.068Z] Session [a8da6570-c3b9-11e6-8e10-e9a77620c066] - page.settings - {"XSSAuditingEnabled":false,"javascriptCanCloseWindows":true,"javascriptCanOpenWindows":true,"javascriptEnabled":true,"loadImages":true,"localToRemoteUrlAccessEnabled":false,"userAgent":"Mozilla/5.0 (Windows NT 6.1; Win64; x64) AppleWebKit/537.36 (KHTML, like Gecko) Chrome/55.0.2883.87 Safari/537.36","webSecurityEnabled":true}
[INFO  - 2016-12-16T18:01:25.069Z] Session [a8da6570-c3b9-11e6-8e10-e9a77620c066] - page.customHeaders:  - {}
[INFO  - 2016-12-16T18:01:25.069Z] Session [a8da6570-c3b9-11e6-8e10-e9a77620c066] - Session.negotiatedCapabilities - {"browserName":"phantomjs","version":"2.1.1","driverName":"ghostdriver","driverVersion":"1.2.0","platform":"windows-7-32bit","javascriptEnabled":true,"takesScreenshot":true,"handlesAlerts":false,"databaseEnabled":false,"locationContextEnabled":false,"applicationCacheEnabled":false,"browserConnectionEnabled":false,"cssSelectorsEnabled":true,"webStorageEnabled":false,"rotatable":false,"acceptSslCerts":false,"nativeEvents":true,"proxy":{"proxyType":"direct"},"phantomjs.page.settings.userAgent":"Mozilla/5.0 (Windows NT 6.1; Win64; x64) AppleWebKit/537.36 (KHTML, like Gecko) Chrome/55.0.2883.87 Safari/537.36"}
[INFO  - 2016-12-16T18:01:25.069Z] SessionManagerReqHand - _postNewSessionCommand - New Session Created: a8da6570-c3b9-11e6-8e10-e9a77620c066
[INFO  - 2016-12-16T18:01:56.094Z] GhostDriver - Main - running on port 5591
[INFO  - 2016-12-16T18:01:56.374Z] Session [bb832900-c3b9-11e6-be3d-97a5fbc99e5e] - page.settings - {"XSSAuditingEnabled":false,"javascriptCanCloseWindows":true,"javascriptCanOpenWindows":true,"javascriptEnabled":true,"loadImages":true,"localToRemoteUrlAccessEnabled":false,"userAgent":"Mozilla/5.0 (Windows NT 6.1; Win64; x64) AppleWebKit/537.36 (KHTML, like Gecko) Chrome/55.0.2883.87 Safari/537.36","webSecurityEnabled":true}
[INFO  - 2016-12-16T18:01:56.374Z] Session [bb832900-c3b9-11e6-be3d-97a5fbc99e5e] - page.customHeaders:  - {}
[INFO  - 2016-12-16T18:01:56.374Z] Session [bb832900-c3b9-11e6-be3d-97a5fbc99e5e] - Session.negotiatedCapabilities - {"browserName":"phantomjs","version":"2.1.1","driverName":"ghostdriver","driverVersion":"1.2.0","platform":"windows-7-32bit","javascriptEnabled":true,"takesScreenshot":true,"handlesAlerts":false,"databaseEnabled":false,"locationContextEnabled":false,"applicationCacheEnabled":false,"browserConnectionEnabled":false,"cssSelectorsEnabled":true,"webStorageEnabled":false,"rotatable":false,"acceptSslCerts":false,"nativeEvents":true,"proxy":{"proxyType":"direct"},"phantomjs.page.settings.userAgent":"Mozilla/5.0 (Windows NT 6.1; Win64; x64) AppleWebKit/537.36 (KHTML, like Gecko) Chrome/55.0.2883.87 Safari/537.36"}
[INFO  - 2016-12-16T18:01:56.374Z] SessionManagerReqHand - _postNewSessionCommand - New Session Created: bb832900-c3b9-11e6-be3d-97a5fbc99e5e
[INFO  - 2016-12-16T18:05:23.536Z] GhostDriver - Main - running on port 8975
[INFO  - 2016-12-16T18:05:23.844Z] Session [372cb8f0-c3ba-11e6-8586-837942f16839] - page.settings - {"XSSAuditingEnabled":false,"javascriptCanCloseWindows":true,"javascriptCanOpenWindows":true,"javascriptEnabled":true,"loadImages":true,"localToRemoteUrlAccessEnabled":false,"userAgent":"Mozilla/5.0 (Windows NT 6.1; Win64; x64) AppleWebKit/537.36 (KHTML, like Gecko) Chrome/55.0.2883.87 Safari/537.36","webSecurityEnabled":true}
[INFO  - 2016-12-16T18:05:23.844Z] Session [372cb8f0-c3ba-11e6-8586-837942f16839] - page.customHeaders:  - {}
[INFO  - 2016-12-16T18:05:23.844Z] Session [372cb8f0-c3ba-11e6-8586-837942f16839] - Session.negotiatedCapabilities - {"browserName":"phantomjs","version":"2.1.1","driverName":"ghostdriver","driverVersion":"1.2.0","platform":"windows-7-32bit","javascriptEnabled":true,"takesScreenshot":true,"handlesAlerts":false,"databaseEnabled":false,"locationContextEnabled":false,"applicationCacheEnabled":false,"browserConnectionEnabled":false,"cssSelectorsEnabled":true,"webStorageEnabled":false,"rotatable":false,"acceptSslCerts":false,"nativeEvents":true,"proxy":{"proxyType":"direct"},"phantomjs.page.settings.userAgent":"Mozilla/5.0 (Windows NT 6.1; Win64; x64) AppleWebKit/537.36 (KHTML, like Gecko) Chrome/55.0.2883.87 Safari/537.36"}
[INFO  - 2016-12-16T18:05:23.844Z] SessionManagerReqHand - _postNewSessionCommand - New Session Created: 372cb8f0-c3ba-11e6-8586-837942f16839
[INFO  - 2016-12-16T18:08:04.265Z] GhostDriver - Main - running on port 1632
[INFO  - 2016-12-16T18:08:04.525Z] Session [96f2b280-c3ba-11e6-b07e-317e06fa12a8] - page.settings - {"XSSAuditingEnabled":false,"javascriptCanCloseWindows":true,"javascriptCanOpenWindows":true,"javascriptEnabled":true,"loadImages":true,"localToRemoteUrlAccessEnabled":false,"userAgent":"Mozilla/5.0 (Windows NT 6.1; Win64; x64) AppleWebKit/537.36 (KHTML, like Gecko) Chrome/55.0.2883.87 Safari/537.36","webSecurityEnabled":true}
[INFO  - 2016-12-16T18:08:04.525Z] Session [96f2b280-c3ba-11e6-b07e-317e06fa12a8] - page.customHeaders:  - {}
[INFO  - 2016-12-16T18:08:04.525Z] Session [96f2b280-c3ba-11e6-b07e-317e06fa12a8] - Session.negotiatedCapabilities - {"browserName":"phantomjs","version":"2.1.1","driverName":"ghostdriver","driverVersion":"1.2.0","platform":"windows-7-32bit","javascriptEnabled":true,"takesScreenshot":true,"handlesAlerts":false,"databaseEnabled":false,"locationContextEnabled":false,"applicationCacheEnabled":false,"browserConnectionEnabled":false,"cssSelectorsEnabled":true,"webStorageEnabled":false,"rotatable":false,"acceptSslCerts":false,"nativeEvents":true,"proxy":{"proxyType":"direct"},"phantomjs.page.settings.userAgent":"Mozilla/5.0 (Windows NT 6.1; Win64; x64) AppleWebKit/537.36 (KHTML, like Gecko) Chrome/55.0.2883.87 Safari/537.36"}
[INFO  - 2016-12-16T18:08:04.525Z] SessionManagerReqHand - _postNewSessionCommand - New Session Created: 96f2b280-c3ba-11e6-b07e-317e06fa12a8
[INFO  - 2016-12-16T18:08:15.360Z] ShutdownReqHand - _handle - About to shutdown
[INFO  - 2016-12-16T18:08:35.969Z] GhostDriver - Main - running on port 7190
[INFO  - 2016-12-16T18:08:36.304Z] Session [a9e3a2a0-c3ba-11e6-942a-395b19701bb6] - page.settings - {"XSSAuditingEnabled":false,"javascriptCanCloseWindows":true,"javascriptCanOpenWindows":true,"javascriptEnabled":true,"loadImages":true,"localToRemoteUrlAccessEnabled":false,"userAgent":"Mozilla/5.0 (Windows NT 6.1; Win64; x64) AppleWebKit/537.36 (KHTML, like Gecko) Chrome/55.0.2883.87 Safari/537.36","webSecurityEnabled":true}
[INFO  - 2016-12-16T18:08:36.304Z] Session [a9e3a2a0-c3ba-11e6-942a-395b19701bb6] - page.customHeaders:  - {}
[INFO  - 2016-12-16T18:08:36.304Z] Session [a9e3a2a0-c3ba-11e6-942a-395b19701bb6] - Session.negotiatedCapabilities - {"browserName":"phantomjs","version":"2.1.1","driverName":"ghostdriver","driverVersion":"1.2.0","platform":"windows-7-32bit","javascriptEnabled":true,"takesScreenshot":true,"handlesAlerts":false,"databaseEnabled":false,"locationContextEnabled":false,"applicationCacheEnabled":false,"browserConnectionEnabled":false,"cssSelectorsEnabled":true,"webStorageEnabled":false,"rotatable":false,"acceptSslCerts":false,"nativeEvents":true,"proxy":{"proxyType":"direct"},"phantomjs.page.settings.userAgent":"Mozilla/5.0 (Windows NT 6.1; Win64; x64) AppleWebKit/537.36 (KHTML, like Gecko) Chrome/55.0.2883.87 Safari/537.36"}
[INFO  - 2016-12-16T18:08:36.304Z] SessionManagerReqHand - _postNewSessionCommand - New Session Created: a9e3a2a0-c3ba-11e6-942a-395b19701bb6
[INFO  - 2016-12-16T18:08:47.390Z] ShutdownReqHand - _handle - About to shutdown
[INFO  - 2016-12-16T18:12:39.978Z] GhostDriver - Main - running on port 43964
[INFO  - 2016-12-16T18:12:40.318Z] Session [3b553780-c3bb-11e6-9dd7-8590a21064d1] - page.settings - {"XSSAuditingEnabled":false,"javascriptCanCloseWindows":true,"javascriptCanOpenWindows":true,"javascriptEnabled":true,"loadImages":true,"localToRemoteUrlAccessEnabled":false,"userAgent":"Mozilla/5.0 (Windows NT 6.1; Win64; x64) AppleWebKit/537.36 (KHTML, like Gecko) Chrome/55.0.2883.87 Safari/537.36","webSecurityEnabled":true}
[INFO  - 2016-12-16T18:12:40.318Z] Session [3b553780-c3bb-11e6-9dd7-8590a21064d1] - page.customHeaders:  - {}
[INFO  - 2016-12-16T18:12:40.318Z] Session [3b553780-c3bb-11e6-9dd7-8590a21064d1] - Session.negotiatedCapabilities - {"browserName":"phantomjs","version":"2.1.1","driverName":"ghostdriver","driverVersion":"1.2.0","platform":"windows-7-32bit","javascriptEnabled":true,"takesScreenshot":true,"handlesAlerts":false,"databaseEnabled":false,"locationContextEnabled":false,"applicationCacheEnabled":false,"browserConnectionEnabled":false,"cssSelectorsEnabled":true,"webStorageEnabled":false,"rotatable":false,"acceptSslCerts":false,"nativeEvents":true,"proxy":{"proxyType":"direct"},"phantomjs.page.settings.userAgent":"Mozilla/5.0 (Windows NT 6.1; Win64; x64) AppleWebKit/537.36 (KHTML, like Gecko) Chrome/55.0.2883.87 Safari/537.36"}
[INFO  - 2016-12-16T18:12:40.318Z] SessionManagerReqHand - _postNewSessionCommand - New Session Created: 3b553780-c3bb-11e6-9dd7-8590a21064d1
[INFO  - 2016-12-16T18:12:51.410Z] ShutdownReqHand - _handle - About to shutdown
[INFO  - 2016-12-16T18:14:07.974Z] GhostDriver - Main - running on port 6895
[INFO  - 2016-12-16T18:14:08.292Z] Session [6fc522f0-c3bb-11e6-9fcb-0132db1ca88c] - page.settings - {"XSSAuditingEnabled":false,"javascriptCanCloseWindows":true,"javascriptCanOpenWindows":true,"javascriptEnabled":true,"loadImages":true,"localToRemoteUrlAccessEnabled":false,"userAgent":"Mozilla/5.0 (Windows NT 6.1; Win64; x64) AppleWebKit/537.36 (KHTML, like Gecko) Chrome/55.0.2883.87 Safari/537.36","webSecurityEnabled":true}
[INFO  - 2016-12-16T18:14:08.292Z] Session [6fc522f0-c3bb-11e6-9fcb-0132db1ca88c] - page.customHeaders:  - {}
[INFO  - 2016-12-16T18:14:08.293Z] Session [6fc522f0-c3bb-11e6-9fcb-0132db1ca88c] - Session.negotiatedCapabilities - {"browserName":"phantomjs","version":"2.1.1","driverName":"ghostdriver","driverVersion":"1.2.0","platform":"windows-7-32bit","javascriptEnabled":true,"takesScreenshot":true,"handlesAlerts":false,"databaseEnabled":false,"locationContextEnabled":false,"applicationCacheEnabled":false,"browserConnectionEnabled":false,"cssSelectorsEnabled":true,"webStorageEnabled":false,"rotatable":false,"acceptSslCerts":false,"nativeEvents":true,"proxy":{"proxyType":"direct"},"phantomjs.page.settings.userAgent":"Mozilla/5.0 (Windows NT 6.1; Win64; x64) AppleWebKit/537.36 (KHTML, like Gecko) Chrome/55.0.2883.87 Safari/537.36"}
[INFO  - 2016-12-16T18:14:08.293Z] SessionManagerReqHand - _postNewSessionCommand - New Session Created: 6fc522f0-c3bb-11e6-9fcb-0132db1ca88c
[INFO  - 2016-12-16T18:14:18.908Z] ShutdownReqHand - _handle - About to shutdown
[INFO  - 2016-12-16T18:14:55.398Z] GhostDriver - Main - running on port 11294
[INFO  - 2016-12-16T18:14:55.707Z] Session [8c081760-c3bb-11e6-b1da-279ef3d47160] - page.settings - {"XSSAuditingEnabled":false,"javascriptCanCloseWindows":true,"javascriptCanOpenWindows":true,"javascriptEnabled":true,"loadImages":true,"localToRemoteUrlAccessEnabled":false,"userAgent":"Mozilla/5.0 (Windows NT 6.1; WOW64) AppleWebKit/538.1 (KHTML, like Gecko) PhantomJS/2.1.1 Safari/538.1","webSecurityEnabled":true}
[INFO  - 2016-12-16T18:14:55.707Z] Session [8c081760-c3bb-11e6-b1da-279ef3d47160] - page.customHeaders:  - {}
[INFO  - 2016-12-16T18:14:55.707Z] Session [8c081760-c3bb-11e6-b1da-279ef3d47160] - Session.negotiatedCapabilities - {"browserName":"phantomjs","version":"2.1.1","driverName":"ghostdriver","driverVersion":"1.2.0","platform":"windows-7-32bit","javascriptEnabled":true,"takesScreenshot":true,"handlesAlerts":false,"databaseEnabled":false,"locationContextEnabled":false,"applicationCacheEnabled":false,"browserConnectionEnabled":false,"cssSelectorsEnabled":true,"webStorageEnabled":false,"rotatable":false,"acceptSslCerts":false,"nativeEvents":true,"proxy":{"proxyType":"direct"}}
[INFO  - 2016-12-16T18:14:55.708Z] SessionManagerReqHand - _postNewSessionCommand - New Session Created: 8c081760-c3bb-11e6-b1da-279ef3d47160
[ERROR - 2016-12-16T18:15:01.696Z] WebElementLocator - _handleLocateCommand - Element(s) NOT Found: GAVE UP. Search Stop Time: 1481912101642
[INFO  - 2016-12-16T18:16:46.089Z] GhostDriver - Main - running on port 46196
[INFO  - 2016-12-16T18:16:46.377Z] Session [cdfed730-c3bb-11e6-b881-4369d9a8c6db] - page.settings - {"XSSAuditingEnabled":false,"javascriptCanCloseWindows":true,"javascriptCanOpenWindows":true,"javascriptEnabled":true,"loadImages":true,"localToRemoteUrlAccessEnabled":false,"userAgent":"Mozilla/5.0 (Windows NT 6.1; Win64; x64) AppleWebKit/537.36 (KHTML, like Gecko) Chrome/55.0.2883.87 Safari/537.36","webSecurityEnabled":true}
[INFO  - 2016-12-16T18:16:46.377Z] Session [cdfed730-c3bb-11e6-b881-4369d9a8c6db] - page.customHeaders:  - {}
[INFO  - 2016-12-16T18:16:46.377Z] Session [cdfed730-c3bb-11e6-b881-4369d9a8c6db] - Session.negotiatedCapabilities - {"browserName":"phantomjs","version":"2.1.1","driverName":"ghostdriver","driverVersion":"1.2.0","platform":"windows-7-32bit","javascriptEnabled":true,"takesScreenshot":true,"handlesAlerts":false,"databaseEnabled":false,"locationContextEnabled":false,"applicationCacheEnabled":false,"browserConnectionEnabled":false,"cssSelectorsEnabled":true,"webStorageEnabled":false,"rotatable":false,"acceptSslCerts":false,"nativeEvents":true,"proxy":{"proxyType":"direct"},"phantomjs.page.settings.userAgent":"Mozilla/5.0 (Windows NT 6.1; Win64; x64) AppleWebKit/537.36 (KHTML, like Gecko) Chrome/55.0.2883.87 Safari/537.36"}
[INFO  - 2016-12-16T18:16:46.377Z] SessionManagerReqHand - _postNewSessionCommand - New Session Created: cdfed730-c3bb-11e6-b881-4369d9a8c6db
[INFO  - 2016-12-16T18:17:19.698Z] GhostDriver - Main - running on port 18328
[INFO  - 2016-12-16T18:17:20.003Z] Session [e209e9e0-c3bb-11e6-9ae7-437e0fdcc5e3] - page.settings - {"XSSAuditingEnabled":false,"javascriptCanCloseWindows":true,"javascriptCanOpenWindows":true,"javascriptEnabled":true,"loadImages":true,"localToRemoteUrlAccessEnabled":false,"userAgent":"Mozilla/5.0 (Windows NT 6.1; Win64; x64) AppleWebKit/537.36 (KHTML, like Gecko) Chrome/55.0.2883.87 Safari/537.36","webSecurityEnabled":true}
[INFO  - 2016-12-16T18:17:20.003Z] Session [e209e9e0-c3bb-11e6-9ae7-437e0fdcc5e3] - page.customHeaders:  - {}
[INFO  - 2016-12-16T18:17:20.003Z] Session [e209e9e0-c3bb-11e6-9ae7-437e0fdcc5e3] - Session.negotiatedCapabilities - {"browserName":"phantomjs","version":"2.1.1","driverName":"ghostdriver","driverVersion":"1.2.0","platform":"windows-7-32bit","javascriptEnabled":true,"takesScreenshot":true,"handlesAlerts":false,"databaseEnabled":false,"locationContextEnabled":false,"applicationCacheEnabled":false,"browserConnectionEnabled":false,"cssSelectorsEnabled":true,"webStorageEnabled":false,"rotatable":false,"acceptSslCerts":false,"nativeEvents":true,"proxy":{"proxyType":"direct"},"phantomjs.page.settings.userAgent":"Mozilla/5.0 (Windows NT 6.1; Win64; x64) AppleWebKit/537.36 (KHTML, like Gecko) Chrome/55.0.2883.87 Safari/537.36"}
[INFO  - 2016-12-16T18:17:20.004Z] SessionManagerReqHand - _postNewSessionCommand - New Session Created: e209e9e0-c3bb-11e6-9ae7-437e0fdcc5e3
[INFO  - 2016-12-16T18:18:05.216Z] GhostDriver - Main - running on port 48916
[INFO  - 2016-12-16T18:18:05.519Z] Session [fd2b1aa0-c3bb-11e6-864d-effafeab3696] - page.settings - {"XSSAuditingEnabled":false,"javascriptCanCloseWindows":true,"javascriptCanOpenWindows":true,"javascriptEnabled":true,"loadImages":true,"localToRemoteUrlAccessEnabled":false,"userAgent":"Mozilla/5.0 (Windows NT 6.1; Win64; x64) AppleWebKit/537.36 (KHTML, like Gecko) Chrome/55.0.2883.87 Safari/537.36","webSecurityEnabled":true}
[INFO  - 2016-12-16T18:18:05.519Z] Session [fd2b1aa0-c3bb-11e6-864d-effafeab3696] - page.customHeaders:  - {}
[INFO  - 2016-12-16T18:18:05.519Z] Session [fd2b1aa0-c3bb-11e6-864d-effafeab3696] - Session.negotiatedCapabilities - {"browserName":"phantomjs","version":"2.1.1","driverName":"ghostdriver","driverVersion":"1.2.0","platform":"windows-7-32bit","javascriptEnabled":true,"takesScreenshot":true,"handlesAlerts":false,"databaseEnabled":false,"locationContextEnabled":false,"applicationCacheEnabled":false,"browserConnectionEnabled":false,"cssSelectorsEnabled":true,"webStorageEnabled":false,"rotatable":false,"acceptSslCerts":false,"nativeEvents":true,"proxy":{"proxyType":"direct"},"phantomjs.page.settings.userAgent":"Mozilla/5.0 (Windows NT 6.1; Win64; x64) AppleWebKit/537.36 (KHTML, like Gecko) Chrome/55.0.2883.87 Safari/537.36"}
[INFO  - 2016-12-16T18:18:05.519Z] SessionManagerReqHand - _postNewSessionCommand - New Session Created: fd2b1aa0-c3bb-11e6-864d-effafeab3696
[INFO  - 2016-12-16T18:18:16.826Z] ShutdownReqHand - _handle - About to shutdown
[INFO  - 2016-12-16T18:21:02.213Z] GhostDriver - Main - running on port 5183
[INFO  - 2016-12-16T18:21:02.487Z] Session [66a64720-c3bc-11e6-8f44-130e2b3bc999] - page.settings - {"XSSAuditingEnabled":false,"javascriptCanCloseWindows":true,"javascriptCanOpenWindows":true,"javascriptEnabled":true,"loadImages":true,"localToRemoteUrlAccessEnabled":false,"userAgent":"Mozilla/5.0 (Windows NT 6.1; Win64; x64) AppleWebKit/537.36 (KHTML, like Gecko) Chrome/55.0.2883.87 Safari/537.36","webSecurityEnabled":true}
[INFO  - 2016-12-16T18:21:02.488Z] Session [66a64720-c3bc-11e6-8f44-130e2b3bc999] - page.customHeaders:  - {}
[INFO  - 2016-12-16T18:21:02.488Z] Session [66a64720-c3bc-11e6-8f44-130e2b3bc999] - Session.negotiatedCapabilities - {"browserName":"phantomjs","version":"2.1.1","driverName":"ghostdriver","driverVersion":"1.2.0","platform":"windows-7-32bit","javascriptEnabled":true,"takesScreenshot":true,"handlesAlerts":false,"databaseEnabled":false,"locationContextEnabled":false,"applicationCacheEnabled":false,"browserConnectionEnabled":false,"cssSelectorsEnabled":true,"webStorageEnabled":false,"rotatable":false,"acceptSslCerts":false,"nativeEvents":true,"proxy":{"proxyType":"direct"},"phantomjs.page.settings.userAgent":"Mozilla/5.0 (Windows NT 6.1; Win64; x64) AppleWebKit/537.36 (KHTML, like Gecko) Chrome/55.0.2883.87 Safari/537.36"}
[INFO  - 2016-12-16T18:21:02.488Z] SessionManagerReqHand - _postNewSessionCommand - New Session Created: 66a64720-c3bc-11e6-8f44-130e2b3bc999
[INFO  - 2016-12-16T18:21:15.295Z] ShutdownReqHand - _handle - About to shutdown
[INFO  - 2016-12-16T18:22:45.041Z] GhostDriver - Main - running on port 43199
[INFO  - 2016-12-16T18:22:45.334Z] Session [a3f35500-c3bc-11e6-8110-73974afd2641] - page.settings - {"XSSAuditingEnabled":false,"javascriptCanCloseWindows":true,"javascriptCanOpenWindows":true,"javascriptEnabled":true,"loadImages":true,"localToRemoteUrlAccessEnabled":false,"userAgent":"Mozilla/5.0 (Windows NT 6.1; Win64; x64) AppleWebKit/537.36 (KHTML, like Gecko) Chrome/55.0.2883.87 Safari/537.36","webSecurityEnabled":true}
[INFO  - 2016-12-16T18:22:45.334Z] Session [a3f35500-c3bc-11e6-8110-73974afd2641] - page.customHeaders:  - {}
[INFO  - 2016-12-16T18:22:45.334Z] Session [a3f35500-c3bc-11e6-8110-73974afd2641] - Session.negotiatedCapabilities - {"browserName":"phantomjs","version":"2.1.1","driverName":"ghostdriver","driverVersion":"1.2.0","platform":"windows-7-32bit","javascriptEnabled":true,"takesScreenshot":true,"handlesAlerts":false,"databaseEnabled":false,"locationContextEnabled":false,"applicationCacheEnabled":false,"browserConnectionEnabled":false,"cssSelectorsEnabled":true,"webStorageEnabled":false,"rotatable":false,"acceptSslCerts":false,"nativeEvents":true,"proxy":{"proxyType":"direct"},"phantomjs.page.settings.userAgent":"Mozilla/5.0 (Windows NT 6.1; Win64; x64) AppleWebKit/537.36 (KHTML, like Gecko) Chrome/55.0.2883.87 Safari/537.36"}
[INFO  - 2016-12-16T18:22:45.334Z] SessionManagerReqHand - _postNewSessionCommand - New Session Created: a3f35500-c3bc-11e6-8110-73974afd2641
[INFO  - 2016-12-16T18:24:15.735Z] ShutdownReqHand - _handle - About to shutdown
[INFO  - 2016-12-16T18:25:09.380Z] GhostDriver - Main - running on port 41350
[INFO  - 2016-12-16T18:25:09.653Z] Session [f9f8d100-c3bc-11e6-834f-ed073b4f5ab3] - page.settings - {"XSSAuditingEnabled":false,"javascriptCanCloseWindows":true,"javascriptCanOpenWindows":true,"javascriptEnabled":true,"loadImages":true,"localToRemoteUrlAccessEnabled":false,"userAgent":"Mozilla/5.0 (Windows NT 6.1; Win64; x64) AppleWebKit/537.36 (KHTML, like Gecko) Chrome/55.0.2883.87 Safari/537.36","webSecurityEnabled":true}
[INFO  - 2016-12-16T18:25:09.654Z] Session [f9f8d100-c3bc-11e6-834f-ed073b4f5ab3] - page.customHeaders:  - {}
[INFO  - 2016-12-16T18:25:09.654Z] Session [f9f8d100-c3bc-11e6-834f-ed073b4f5ab3] - Session.negotiatedCapabilities - {"browserName":"phantomjs","version":"2.1.1","driverName":"ghostdriver","driverVersion":"1.2.0","platform":"windows-7-32bit","javascriptEnabled":true,"takesScreenshot":true,"handlesAlerts":false,"databaseEnabled":false,"locationContextEnabled":false,"applicationCacheEnabled":false,"browserConnectionEnabled":false,"cssSelectorsEnabled":true,"webStorageEnabled":false,"rotatable":false,"acceptSslCerts":false,"nativeEvents":true,"proxy":{"proxyType":"direct"},"phantomjs.page.settings.userAgent":"Mozilla/5.0 (Windows NT 6.1; Win64; x64) AppleWebKit/537.36 (KHTML, like Gecko) Chrome/55.0.2883.87 Safari/537.36"}
[INFO  - 2016-12-16T18:25:09.654Z] SessionManagerReqHand - _postNewSessionCommand - New Session Created: f9f8d100-c3bc-11e6-834f-ed073b4f5ab3
[INFO  - 2016-12-16T18:25:22.454Z] ShutdownReqHand - _handle - About to shutdown
[INFO  - 2016-12-16T18:25:38.309Z] GhostDriver - Main - running on port 23895
[INFO  - 2016-12-16T18:25:38.582Z] Session [0b370810-c3bd-11e6-9463-a9a5fe33b001] - page.settings - {"XSSAuditingEnabled":false,"javascriptCanCloseWindows":true,"javascriptCanOpenWindows":true,"javascriptEnabled":true,"loadImages":true,"localToRemoteUrlAccessEnabled":false,"userAgent":"Mozilla/5.0 (Windows NT 6.1; Win64; x64) AppleWebKit/537.36 (KHTML, like Gecko) Chrome/55.0.2883.87 Safari/537.36","webSecurityEnabled":true}
[INFO  - 2016-12-16T18:25:38.582Z] Session [0b370810-c3bd-11e6-9463-a9a5fe33b001] - page.customHeaders:  - {}
[INFO  - 2016-12-16T18:25:38.582Z] Session [0b370810-c3bd-11e6-9463-a9a5fe33b001] - Session.negotiatedCapabilities - {"browserName":"phantomjs","version":"2.1.1","driverName":"ghostdriver","driverVersion":"1.2.0","platform":"windows-7-32bit","javascriptEnabled":true,"takesScreenshot":true,"handlesAlerts":false,"databaseEnabled":false,"locationContextEnabled":false,"applicationCacheEnabled":false,"browserConnectionEnabled":false,"cssSelectorsEnabled":true,"webStorageEnabled":false,"rotatable":false,"acceptSslCerts":false,"nativeEvents":true,"proxy":{"proxyType":"direct"},"phantomjs.page.settings.userAgent":"Mozilla/5.0 (Windows NT 6.1; Win64; x64) AppleWebKit/537.36 (KHTML, like Gecko) Chrome/55.0.2883.87 Safari/537.36"}
[INFO  - 2016-12-16T18:25:38.582Z] SessionManagerReqHand - _postNewSessionCommand - New Session Created: 0b370810-c3bd-11e6-9463-a9a5fe33b001
[INFO  - 2016-12-16T18:25:51.594Z] ShutdownReqHand - _handle - About to shutdown
[INFO  - 2016-12-16T18:26:46.668Z] GhostDriver - Main - running on port 22534
[INFO  - 2016-12-16T18:26:46.962Z] Session [33f8d6c0-c3bd-11e6-b2cd-393c80dd415f] - page.settings - {"XSSAuditingEnabled":false,"javascriptCanCloseWindows":true,"javascriptCanOpenWindows":true,"javascriptEnabled":true,"loadImages":true,"localToRemoteUrlAccessEnabled":false,"userAgent":"Mozilla/5.0 (Windows NT 6.1; Win64; x64) AppleWebKit/537.36 (KHTML, like Gecko) Chrome/55.0.2883.87 Safari/537.36","webSecurityEnabled":true}
[INFO  - 2016-12-16T18:26:46.962Z] Session [33f8d6c0-c3bd-11e6-b2cd-393c80dd415f] - page.customHeaders:  - {}
[INFO  - 2016-12-16T18:26:46.962Z] Session [33f8d6c0-c3bd-11e6-b2cd-393c80dd415f] - Session.negotiatedCapabilities - {"browserName":"phantomjs","version":"2.1.1","driverName":"ghostdriver","driverVersion":"1.2.0","platform":"windows-7-32bit","javascriptEnabled":true,"takesScreenshot":true,"handlesAlerts":false,"databaseEnabled":false,"locationContextEnabled":false,"applicationCacheEnabled":false,"browserConnectionEnabled":false,"cssSelectorsEnabled":true,"webStorageEnabled":false,"rotatable":false,"acceptSslCerts":false,"nativeEvents":true,"proxy":{"proxyType":"direct"},"phantomjs.page.settings.userAgent":"Mozilla/5.0 (Windows NT 6.1; Win64; x64) AppleWebKit/537.36 (KHTML, like Gecko) Chrome/55.0.2883.87 Safari/537.36"}
[INFO  - 2016-12-16T18:26:46.962Z] SessionManagerReqHand - _postNewSessionCommand - New Session Created: 33f8d6c0-c3bd-11e6-b2cd-393c80dd415f
[INFO  - 2016-12-16T18:26:57.695Z] ShutdownReqHand - _handle - About to shutdown
[INFO  - 2016-12-16T18:28:40.395Z] GhostDriver - Main - running on port 20409
[INFO  - 2016-12-16T18:28:40.686Z] Session [77c1be80-c3bd-11e6-9207-17899f700698] - page.settings - {"XSSAuditingEnabled":false,"javascriptCanCloseWindows":true,"javascriptCanOpenWindows":true,"javascriptEnabled":true,"loadImages":true,"localToRemoteUrlAccessEnabled":false,"userAgent":"Mozilla/5.0 (Windows NT 6.1; Win64; x64) AppleWebKit/537.36 (KHTML, like Gecko) Chrome/55.0.2883.87 Safari/537.36","webSecurityEnabled":true}
[INFO  - 2016-12-16T18:28:40.686Z] Session [77c1be80-c3bd-11e6-9207-17899f700698] - page.customHeaders:  - {}
[INFO  - 2016-12-16T18:28:40.686Z] Session [77c1be80-c3bd-11e6-9207-17899f700698] - Session.negotiatedCapabilities - {"browserName":"phantomjs","version":"2.1.1","driverName":"ghostdriver","driverVersion":"1.2.0","platform":"windows-7-32bit","javascriptEnabled":true,"takesScreenshot":true,"handlesAlerts":false,"databaseEnabled":false,"locationContextEnabled":false,"applicationCacheEnabled":false,"browserConnectionEnabled":false,"cssSelectorsEnabled":true,"webStorageEnabled":false,"rotatable":false,"acceptSslCerts":false,"nativeEvents":true,"proxy":{"proxyType":"direct"},"phantomjs.page.settings.userAgent":"Mozilla/5.0 (Windows NT 6.1; Win64; x64) AppleWebKit/537.36 (KHTML, like Gecko) Chrome/55.0.2883.87 Safari/537.36"}
[INFO  - 2016-12-16T18:28:40.686Z] SessionManagerReqHand - _postNewSessionCommand - New Session Created: 77c1be80-c3bd-11e6-9207-17899f700698
[INFO  - 2016-12-16T18:30:49.978Z] ShutdownReqHand - _handle - About to shutdown
[INFO  - 2016-12-16T18:32:26.059Z] GhostDriver - Main - running on port 17700
[INFO  - 2016-12-16T18:32:26.346Z] Session [fe42e150-c3bd-11e6-8a05-69b37e5a72dd] - page.settings - {"XSSAuditingEnabled":false,"javascriptCanCloseWindows":true,"javascriptCanOpenWindows":true,"javascriptEnabled":true,"loadImages":true,"localToRemoteUrlAccessEnabled":false,"userAgent":"Mozilla/5.0 (Windows NT 6.1; Win64; x64) AppleWebKit/537.36 (KHTML, like Gecko) Chrome/55.0.2883.87 Safari/537.36","webSecurityEnabled":true}
[INFO  - 2016-12-16T18:32:26.347Z] Session [fe42e150-c3bd-11e6-8a05-69b37e5a72dd] - page.customHeaders:  - {}
[INFO  - 2016-12-16T18:32:26.347Z] Session [fe42e150-c3bd-11e6-8a05-69b37e5a72dd] - Session.negotiatedCapabilities - {"browserName":"phantomjs","version":"2.1.1","driverName":"ghostdriver","driverVersion":"1.2.0","platform":"windows-7-32bit","javascriptEnabled":true,"takesScreenshot":true,"handlesAlerts":false,"databaseEnabled":false,"locationContextEnabled":false,"applicationCacheEnabled":false,"browserConnectionEnabled":false,"cssSelectorsEnabled":true,"webStorageEnabled":false,"rotatable":false,"acceptSslCerts":false,"nativeEvents":true,"proxy":{"proxyType":"direct"},"phantomjs.page.settings.userAgent":"Mozilla/5.0 (Windows NT 6.1; Win64; x64) AppleWebKit/537.36 (KHTML, like Gecko) Chrome/55.0.2883.87 Safari/537.36"}
[INFO  - 2016-12-16T18:32:26.347Z] SessionManagerReqHand - _postNewSessionCommand - New Session Created: fe42e150-c3bd-11e6-8a05-69b37e5a72dd
[INFO  - 2016-12-16T18:32:39.252Z] ShutdownReqHand - _handle - About to shutdown
[INFO  - 2016-12-16T18:34:32.591Z] GhostDriver - Main - running on port 20682
[INFO  - 2016-12-16T18:34:32.868Z] Session [49ac73e0-c3be-11e6-bcc7-e340481a1a7b] - page.settings - {"XSSAuditingEnabled":false,"javascriptCanCloseWindows":true,"javascriptCanOpenWindows":true,"javascriptEnabled":true,"loadImages":true,"localToRemoteUrlAccessEnabled":false,"userAgent":"Mozilla/5.0 (Windows NT 6.1; Win64; x64) AppleWebKit/537.36 (KHTML, like Gecko) Chrome/55.0.2883.87 Safari/537.36","webSecurityEnabled":true}
[INFO  - 2016-12-16T18:34:32.868Z] Session [49ac73e0-c3be-11e6-bcc7-e340481a1a7b] - page.customHeaders:  - {}
[INFO  - 2016-12-16T18:34:32.868Z] Session [49ac73e0-c3be-11e6-bcc7-e340481a1a7b] - Session.negotiatedCapabilities - {"browserName":"phantomjs","version":"2.1.1","driverName":"ghostdriver","driverVersion":"1.2.0","platform":"windows-7-32bit","javascriptEnabled":true,"takesScreenshot":true,"handlesAlerts":false,"databaseEnabled":false,"locationContextEnabled":false,"applicationCacheEnabled":false,"browserConnectionEnabled":false,"cssSelectorsEnabled":true,"webStorageEnabled":false,"rotatable":false,"acceptSslCerts":false,"nativeEvents":true,"proxy":{"proxyType":"direct"},"phantomjs.page.settings.userAgent":"Mozilla/5.0 (Windows NT 6.1; Win64; x64) AppleWebKit/537.36 (KHTML, like Gecko) Chrome/55.0.2883.87 Safari/537.36"}
[INFO  - 2016-12-16T18:34:32.868Z] SessionManagerReqHand - _postNewSessionCommand - New Session Created: 49ac73e0-c3be-11e6-bcc7-e340481a1a7b
[INFO  - 2016-12-16T18:34:45.318Z] ShutdownReqHand - _handle - About to shutdown
[INFO  - 2016-12-16T18:36:03.464Z] GhostDriver - Main - running on port 49138
[INFO  - 2016-12-16T18:36:03.736Z] Session [7fd5cf20-c3be-11e6-b353-4d7eed7dbe37] - page.settings - {"XSSAuditingEnabled":false,"javascriptCanCloseWindows":true,"javascriptCanOpenWindows":true,"javascriptEnabled":true,"loadImages":true,"localToRemoteUrlAccessEnabled":false,"userAgent":"Mozilla/5.0 (Windows NT 6.1; Win64; x64) AppleWebKit/537.36 (KHTML, like Gecko) Chrome/55.0.2883.87 Safari/537.36","webSecurityEnabled":true}
[INFO  - 2016-12-16T18:36:03.736Z] Session [7fd5cf20-c3be-11e6-b353-4d7eed7dbe37] - page.customHeaders:  - {}
[INFO  - 2016-12-16T18:36:03.736Z] Session [7fd5cf20-c3be-11e6-b353-4d7eed7dbe37] - Session.negotiatedCapabilities - {"browserName":"phantomjs","version":"2.1.1","driverName":"ghostdriver","driverVersion":"1.2.0","platform":"windows-7-32bit","javascriptEnabled":true,"takesScreenshot":true,"handlesAlerts":false,"databaseEnabled":false,"locationContextEnabled":false,"applicationCacheEnabled":false,"browserConnectionEnabled":false,"cssSelectorsEnabled":true,"webStorageEnabled":false,"rotatable":false,"acceptSslCerts":false,"nativeEvents":true,"proxy":{"proxyType":"direct"},"phantomjs.page.settings.userAgent":"Mozilla/5.0 (Windows NT 6.1; Win64; x64) AppleWebKit/537.36 (KHTML, like Gecko) Chrome/55.0.2883.87 Safari/537.36"}
[INFO  - 2016-12-16T18:36:03.736Z] SessionManagerReqHand - _postNewSessionCommand - New Session Created: 7fd5cf20-c3be-11e6-b353-4d7eed7dbe37
[INFO  - 2016-12-16T18:37:22.517Z] ShutdownReqHand - _handle - About to shutdown
[INFO  - 2016-12-16T18:40:27.319Z] GhostDriver - Main - running on port 27688
[INFO  - 2016-12-16T18:40:27.595Z] Session [1d1ba660-c3bf-11e6-a048-afc92092e928] - page.settings - {"XSSAuditingEnabled":false,"javascriptCanCloseWindows":true,"javascriptCanOpenWindows":true,"javascriptEnabled":true,"loadImages":true,"localToRemoteUrlAccessEnabled":false,"userAgent":"Mozilla/5.0 (Windows NT 6.1; Win64; x64) AppleWebKit/537.36 (KHTML, like Gecko) Chrome/55.0.2883.87 Safari/537.36","webSecurityEnabled":true}
[INFO  - 2016-12-16T18:40:27.595Z] Session [1d1ba660-c3bf-11e6-a048-afc92092e928] - page.customHeaders:  - {}
[INFO  - 2016-12-16T18:40:27.596Z] Session [1d1ba660-c3bf-11e6-a048-afc92092e928] - Session.negotiatedCapabilities - {"browserName":"phantomjs","version":"2.1.1","driverName":"ghostdriver","driverVersion":"1.2.0","platform":"windows-7-32bit","javascriptEnabled":true,"takesScreenshot":true,"handlesAlerts":false,"databaseEnabled":false,"locationContextEnabled":false,"applicationCacheEnabled":false,"browserConnectionEnabled":false,"cssSelectorsEnabled":true,"webStorageEnabled":false,"rotatable":false,"acceptSslCerts":false,"nativeEvents":true,"proxy":{"proxyType":"direct"},"phantomjs.page.settings.userAgent":"Mozilla/5.0 (Windows NT 6.1; Win64; x64) AppleWebKit/537.36 (KHTML, like Gecko) Chrome/55.0.2883.87 Safari/537.36"}
[INFO  - 2016-12-16T18:40:27.596Z] SessionManagerReqHand - _postNewSessionCommand - New Session Created: 1d1ba660-c3bf-11e6-a048-afc92092e928
[INFO  - 2016-12-16T18:40:38.357Z] ShutdownReqHand - _handle - About to shutdown
[INFO  - 2016-12-16T18:41:43.026Z] GhostDriver - Main - running on port 21245
[INFO  - 2016-12-16T18:41:43.321Z] Session [4a3e5e30-c3bf-11e6-83ed-fd720f4fe52c] - page.settings - {"XSSAuditingEnabled":false,"javascriptCanCloseWindows":true,"javascriptCanOpenWindows":true,"javascriptEnabled":true,"loadImages":true,"localToRemoteUrlAccessEnabled":false,"userAgent":"Mozilla/5.0 (Windows NT 6.1; Win64; x64) AppleWebKit/537.36 (KHTML, like Gecko) Chrome/55.0.2883.87 Safari/537.36","webSecurityEnabled":true}
[INFO  - 2016-12-16T18:41:43.321Z] Session [4a3e5e30-c3bf-11e6-83ed-fd720f4fe52c] - page.customHeaders:  - {}
[INFO  - 2016-12-16T18:41:43.321Z] Session [4a3e5e30-c3bf-11e6-83ed-fd720f4fe52c] - Session.negotiatedCapabilities - {"browserName":"phantomjs","version":"2.1.1","driverName":"ghostdriver","driverVersion":"1.2.0","platform":"windows-7-32bit","javascriptEnabled":true,"takesScreenshot":true,"handlesAlerts":false,"databaseEnabled":false,"locationContextEnabled":false,"applicationCacheEnabled":false,"browserConnectionEnabled":false,"cssSelectorsEnabled":true,"webStorageEnabled":false,"rotatable":false,"acceptSslCerts":false,"nativeEvents":true,"proxy":{"proxyType":"direct"},"phantomjs.page.settings.userAgent":"Mozilla/5.0 (Windows NT 6.1; Win64; x64) AppleWebKit/537.36 (KHTML, like Gecko) Chrome/55.0.2883.87 Safari/537.36"}
[INFO  - 2016-12-16T18:41:43.321Z] SessionManagerReqHand - _postNewSessionCommand - New Session Created: 4a3e5e30-c3bf-11e6-83ed-fd720f4fe52c
[INFO  - 2016-12-16T18:41:55.642Z] ShutdownReqHand - _handle - About to shutdown
[INFO  - 2016-12-16T18:43:23.720Z] GhostDriver - Main - running on port 18942
[INFO  - 2016-12-16T18:43:23.997Z] Session [86404e70-c3bf-11e6-921a-c53f1bbcb0ec] - page.settings - {"XSSAuditingEnabled":false,"javascriptCanCloseWindows":true,"javascriptCanOpenWindows":true,"javascriptEnabled":true,"loadImages":true,"localToRemoteUrlAccessEnabled":false,"userAgent":"Mozilla/5.0 (Windows NT 6.1; Win64; x64) AppleWebKit/537.36 (KHTML, like Gecko) Chrome/55.0.2883.87 Safari/537.36","webSecurityEnabled":true}
[INFO  - 2016-12-16T18:43:23.997Z] Session [86404e70-c3bf-11e6-921a-c53f1bbcb0ec] - page.customHeaders:  - {}
[INFO  - 2016-12-16T18:43:23.997Z] Session [86404e70-c3bf-11e6-921a-c53f1bbcb0ec] - Session.negotiatedCapabilities - {"browserName":"phantomjs","version":"2.1.1","driverName":"ghostdriver","driverVersion":"1.2.0","platform":"windows-7-32bit","javascriptEnabled":true,"takesScreenshot":true,"handlesAlerts":false,"databaseEnabled":false,"locationContextEnabled":false,"applicationCacheEnabled":false,"browserConnectionEnabled":false,"cssSelectorsEnabled":true,"webStorageEnabled":false,"rotatable":false,"acceptSslCerts":false,"nativeEvents":true,"proxy":{"proxyType":"direct"},"phantomjs.page.settings.userAgent":"Mozilla/5.0 (Windows NT 6.1; Win64; x64) AppleWebKit/537.36 (KHTML, like Gecko) Chrome/55.0.2883.87 Safari/537.36"}
[INFO  - 2016-12-16T18:43:23.997Z] SessionManagerReqHand - _postNewSessionCommand - New Session Created: 86404e70-c3bf-11e6-921a-c53f1bbcb0ec
[INFO  - 2016-12-16T18:47:23.747Z] GhostDriver - Main - running on port 42346
[INFO  - 2016-12-16T18:47:24.018Z] Session [1550c1d0-c3c0-11e6-a093-dd5bc171e8e9] - page.settings - {"XSSAuditingEnabled":false,"javascriptCanCloseWindows":true,"javascriptCanOpenWindows":true,"javascriptEnabled":true,"loadImages":true,"localToRemoteUrlAccessEnabled":false,"userAgent":"Mozilla/5.0 (Windows NT 6.1; Win64; x64) AppleWebKit/537.36 (KHTML, like Gecko) Chrome/55.0.2883.87 Safari/537.36","webSecurityEnabled":true}
[INFO  - 2016-12-16T18:47:24.018Z] Session [1550c1d0-c3c0-11e6-a093-dd5bc171e8e9] - page.customHeaders:  - {}
[INFO  - 2016-12-16T18:47:24.018Z] Session [1550c1d0-c3c0-11e6-a093-dd5bc171e8e9] - Session.negotiatedCapabilities - {"browserName":"phantomjs","version":"2.1.1","driverName":"ghostdriver","driverVersion":"1.2.0","platform":"windows-7-32bit","javascriptEnabled":true,"takesScreenshot":true,"handlesAlerts":false,"databaseEnabled":false,"locationContextEnabled":false,"applicationCacheEnabled":false,"browserConnectionEnabled":false,"cssSelectorsEnabled":true,"webStorageEnabled":false,"rotatable":false,"acceptSslCerts":false,"nativeEvents":true,"proxy":{"proxyType":"direct"},"phantomjs.page.settings.userAgent":"Mozilla/5.0 (Windows NT 6.1; Win64; x64) AppleWebKit/537.36 (KHTML, like Gecko) Chrome/55.0.2883.87 Safari/537.36"}
[INFO  - 2016-12-16T18:47:24.019Z] SessionManagerReqHand - _postNewSessionCommand - New Session Created: 1550c1d0-c3c0-11e6-a093-dd5bc171e8e9
[INFO  - 2016-12-16T18:47:48.689Z] ShutdownReqHand - _handle - About to shutdown
[INFO  - 2016-12-16T18:48:10.776Z] GhostDriver - Main - running on port 24092
[INFO  - 2016-12-16T18:48:11.051Z] Session [31594550-c3c0-11e6-93e6-eff851344541] - page.settings - {"XSSAuditingEnabled":false,"javascriptCanCloseWindows":true,"javascriptCanOpenWindows":true,"javascriptEnabled":true,"loadImages":true,"localToRemoteUrlAccessEnabled":false,"userAgent":"Mozilla/5.0 (Windows NT 6.1; Win64; x64) AppleWebKit/537.36 (KHTML, like Gecko) Chrome/55.0.2883.87 Safari/537.36","webSecurityEnabled":true}
[INFO  - 2016-12-16T18:48:11.051Z] Session [31594550-c3c0-11e6-93e6-eff851344541] - page.customHeaders:  - {}
[INFO  - 2016-12-16T18:48:11.051Z] Session [31594550-c3c0-11e6-93e6-eff851344541] - Session.negotiatedCapabilities - {"browserName":"phantomjs","version":"2.1.1","driverName":"ghostdriver","driverVersion":"1.2.0","platform":"windows-7-32bit","javascriptEnabled":true,"takesScreenshot":true,"handlesAlerts":false,"databaseEnabled":false,"locationContextEnabled":false,"applicationCacheEnabled":false,"browserConnectionEnabled":false,"cssSelectorsEnabled":true,"webStorageEnabled":false,"rotatable":false,"acceptSslCerts":false,"nativeEvents":true,"proxy":{"proxyType":"direct"},"phantomjs.page.settings.userAgent":"Mozilla/5.0 (Windows NT 6.1; Win64; x64) AppleWebKit/537.36 (KHTML, like Gecko) Chrome/55.0.2883.87 Safari/537.36"}
[INFO  - 2016-12-16T18:48:11.051Z] SessionManagerReqHand - _postNewSessionCommand - New Session Created: 31594550-c3c0-11e6-93e6-eff851344541
[INFO  - 2016-12-16T18:48:33.287Z] GhostDriver - Main - running on port 5694
[INFO  - 2016-12-16T18:48:33.550Z] Session [3ec25880-c3c0-11e6-800d-3fed2308a381] - page.settings - {"XSSAuditingEnabled":false,"javascriptCanCloseWindows":true,"javascriptCanOpenWindows":true,"javascriptEnabled":true,"loadImages":true,"localToRemoteUrlAccessEnabled":false,"userAgent":"Mozilla/5.0 (Windows NT 6.1; Win64; x64) AppleWebKit/537.36 (KHTML, like Gecko) Chrome/55.0.2883.87 Safari/537.36","webSecurityEnabled":true}
[INFO  - 2016-12-16T18:48:33.550Z] Session [3ec25880-c3c0-11e6-800d-3fed2308a381] - page.customHeaders:  - {}
[INFO  - 2016-12-16T18:48:33.550Z] Session [3ec25880-c3c0-11e6-800d-3fed2308a381] - Session.negotiatedCapabilities - {"browserName":"phantomjs","version":"2.1.1","driverName":"ghostdriver","driverVersion":"1.2.0","platform":"windows-7-32bit","javascriptEnabled":true,"takesScreenshot":true,"handlesAlerts":false,"databaseEnabled":false,"locationContextEnabled":false,"applicationCacheEnabled":false,"browserConnectionEnabled":false,"cssSelectorsEnabled":true,"webStorageEnabled":false,"rotatable":false,"acceptSslCerts":false,"nativeEvents":true,"proxy":{"proxyType":"direct"},"phantomjs.page.settings.userAgent":"Mozilla/5.0 (Windows NT 6.1; Win64; x64) AppleWebKit/537.36 (KHTML, like Gecko) Chrome/55.0.2883.87 Safari/537.36"}
[INFO  - 2016-12-16T18:48:33.550Z] SessionManagerReqHand - _postNewSessionCommand - New Session Created: 3ec25880-c3c0-11e6-800d-3fed2308a381
[INFO  - 2016-12-16T18:49:32.297Z] GhostDriver - Main - running on port 48997
[INFO  - 2016-12-16T18:49:32.576Z] Session [61f126b0-c3c0-11e6-a687-87207f9c232f] - page.settings - {"XSSAuditingEnabled":false,"javascriptCanCloseWindows":true,"javascriptCanOpenWindows":true,"javascriptEnabled":true,"loadImages":true,"localToRemoteUrlAccessEnabled":false,"userAgent":"Mozilla/5.0 (Windows NT 6.1; Win64; x64) AppleWebKit/537.36 (KHTML, like Gecko) Chrome/55.0.2883.87 Safari/537.36","webSecurityEnabled":true}
[INFO  - 2016-12-16T18:49:32.576Z] Session [61f126b0-c3c0-11e6-a687-87207f9c232f] - page.customHeaders:  - {}
[INFO  - 2016-12-16T18:49:32.576Z] Session [61f126b0-c3c0-11e6-a687-87207f9c232f] - Session.negotiatedCapabilities - {"browserName":"phantomjs","version":"2.1.1","driverName":"ghostdriver","driverVersion":"1.2.0","platform":"windows-7-32bit","javascriptEnabled":true,"takesScreenshot":true,"handlesAlerts":false,"databaseEnabled":false,"locationContextEnabled":false,"applicationCacheEnabled":false,"browserConnectionEnabled":false,"cssSelectorsEnabled":true,"webStorageEnabled":false,"rotatable":false,"acceptSslCerts":false,"nativeEvents":true,"proxy":{"proxyType":"direct"},"phantomjs.page.settings.userAgent":"Mozilla/5.0 (Windows NT 6.1; Win64; x64) AppleWebKit/537.36 (KHTML, like Gecko) Chrome/55.0.2883.87 Safari/537.36"}
[INFO  - 2016-12-16T18:49:32.576Z] SessionManagerReqHand - _postNewSessionCommand - New Session Created: 61f126b0-c3c0-11e6-a687-87207f9c232f
[INFO  - 2016-12-16T18:51:34.002Z] GhostDriver - Main - running on port 14221
[INFO  - 2016-12-16T18:51:34.286Z] Session [aa7c7880-c3c0-11e6-8483-5d0fed0294b3] - page.settings - {"XSSAuditingEnabled":false,"javascriptCanCloseWindows":true,"javascriptCanOpenWindows":true,"javascriptEnabled":true,"loadImages":true,"localToRemoteUrlAccessEnabled":false,"userAgent":"Mozilla/5.0 (Windows NT 6.1; Win64; x64) AppleWebKit/537.36 (KHTML, like Gecko) Chrome/55.0.2883.87 Safari/537.36","webSecurityEnabled":true}
[INFO  - 2016-12-16T18:51:34.286Z] Session [aa7c7880-c3c0-11e6-8483-5d0fed0294b3] - page.customHeaders:  - {}
[INFO  - 2016-12-16T18:51:34.286Z] Session [aa7c7880-c3c0-11e6-8483-5d0fed0294b3] - Session.negotiatedCapabilities - {"browserName":"phantomjs","version":"2.1.1","driverName":"ghostdriver","driverVersion":"1.2.0","platform":"windows-7-32bit","javascriptEnabled":true,"takesScreenshot":true,"handlesAlerts":false,"databaseEnabled":false,"locationContextEnabled":false,"applicationCacheEnabled":false,"browserConnectionEnabled":false,"cssSelectorsEnabled":true,"webStorageEnabled":false,"rotatable":false,"acceptSslCerts":false,"nativeEvents":true,"proxy":{"proxyType":"direct"},"phantomjs.page.settings.userAgent":"Mozilla/5.0 (Windows NT 6.1; Win64; x64) AppleWebKit/537.36 (KHTML, like Gecko) Chrome/55.0.2883.87 Safari/537.36"}
[INFO  - 2016-12-16T18:51:34.286Z] SessionManagerReqHand - _postNewSessionCommand - New Session Created: aa7c7880-c3c0-11e6-8483-5d0fed0294b3
[INFO  - 2016-12-16T18:51:46.963Z] ShutdownReqHand - _handle - About to shutdown
